Log file open, 03/14/19 18:11:09
LogWindows: Failed to load 'aqProf.dll' (GetLastError=126)
LogWindows: File 'aqProf.dll' does not exist
LogWindows: Failed to load 'VtuneApi.dll' (GetLastError=126)
LogWindows: File 'VtuneApi.dll' does not exist
LogWindows: Failed to load 'VtuneApi32e.dll' (GetLastError=126)
LogWindows: File 'VtuneApi32e.dll' does not exist
LogConsoleResponse: Display: Failed to find resolution value strings in scalability ini. Falling back to default.
LogInit: Display: Running engine for game: GameUI
LogPakFile: Registered encryption key '00000000000000000000000000000000': 0 pak files mounted, 0 remain pending
LogPlatformFile: Not using cached read wrapper
LogTaskGraph: Started task graph with 5 named threads and 23 total threads with 3 sets of task threads.
LogStats: Stats thread started at 0.270967
LogD3D11RHI: Loaded GFSDK_Aftermath_Lib.x64.dll
LogICUInternationalization: ICU TimeZone Detection - Raw Offset: +8:00, Platform Override: ''
LogPluginManager: Mounting plugin Paper2D
LogPluginManager: Mounting plugin AISupport
LogPluginManager: Mounting plugin LightPropagationVolume
LogPluginManager: Mounting plugin ActorLayerUtilities
LogPluginManager: Mounting plugin CLionSourceCodeAccess
LogPluginManager: Mounting plugin CodeLiteSourceCodeAccess
LogPluginManager: Mounting plugin GitSourceControl
LogPluginManager: Mounting plugin KDevelopSourceCodeAccess
LogPluginManager: Mounting plugin NullSourceCodeAccess
LogPluginManager: Mounting plugin PerforceSourceControl
LogPluginManager: Mounting plugin SubversionSourceControl
LogPluginManager: Mounting plugin UObjectPlugin
LogPluginManager: Mounting plugin VisualStudioCodeSourceCodeAccess
LogPluginManager: Mounting plugin VisualStudioSourceCodeAccess
LogPluginManager: Mounting plugin XCodeSourceCodeAccess
LogPluginManager: Mounting plugin AssetManagerEditor
LogPluginManager: Mounting plugin CryptoKeys
LogPluginManager: Mounting plugin DataValidation
LogPluginManager: Mounting plugin FacialAnimation
LogPluginManager: Mounting plugin GameplayTagsEditor
LogPluginManager: Mounting plugin MacGraphicsSwitching
LogPluginManager: Mounting plugin MeshEditor
LogPluginManager: Mounting plugin MobileLauncherProfileWizard
LogPluginManager: Mounting plugin PluginBrowser
LogPluginManager: Mounting plugin SpeedTreeImporter
LogPluginManager: Mounting plugin DatasmithContent
LogPluginManager: Mounting plugin VariantManagerContent
LogPluginManager: Mounting plugin AlembicImporter
LogPluginManager: Mounting plugin AppleImageUtils
LogPluginManager: Mounting plugin AppleVision
LogPluginManager: Mounting plugin BackChannel
LogPluginManager: Mounting plugin CharacterAI
LogPluginManager: Mounting plugin GeometryCache
LogPluginManager: Mounting plugin HTML5Networking
LogPluginManager: Mounting plugin ProxyLODPlugin
LogPluginManager: Mounting plugin MagicLeap
LogPluginManager: Mounting plugin MagicLeapMedia
LogPluginManager: Mounting plugin AndroidMedia
LogPluginManager: Mounting plugin AvfMedia
LogPluginManager: Mounting plugin ImgMedia
LogPluginManager: Mounting plugin LinearTimecode
LogPluginManager: Mounting plugin MediaCompositing
LogPluginManager: Mounting plugin MediaPlayerEditor
LogPluginManager: Mounting plugin WebMMedia
LogPluginManager: Mounting plugin WmfMedia
LogPluginManager: Mounting plugin TcpMessaging
LogPluginManager: Mounting plugin UdpMessaging
LogPluginManager: Mounting plugin ActorSequence
LogPluginManager: Mounting plugin LevelSequenceEditor
LogPluginManager: Mounting plugin MatineeToLevelSequence
LogPluginManager: Mounting plugin NetcodeUnitTest
LogPluginManager: Mounting plugin NUTUnrealEngine4
LogPluginManager: Mounting plugin OnlineSubsystemGooglePlay
LogPluginManager: Mounting plugin OnlineSubsystemIOS
LogPluginManager: Mounting plugin OnlineSubsystem
LogPluginManager: Mounting plugin OnlineSubsystemNull
LogPluginManager: Mounting plugin OnlineSubsystemUtils
LogPluginManager: Mounting plugin LauncherChunkInstaller
LogPluginManager: Mounting plugin AndroidDeviceProfileSelector
LogPluginManager: Mounting plugin AndroidMoviePlayer
LogPluginManager: Mounting plugin AndroidPermission
LogPluginManager: Mounting plugin AppleMoviePlayer
LogPluginManager: Mounting plugin ArchVisCharacter
LogPluginManager: Mounting plugin AudioCapture
LogPluginManager: Mounting plugin CableComponent
LogPluginManager: Mounting plugin CustomMeshComponent
LogPluginManager: Mounting plugin EditableMesh
LogPluginManager: Mounting plugin ExampleDeviceProfileSelector
LogPluginManager: Mounting plugin Firebase
LogPluginManager: Mounting plugin GoogleCloudMessaging
LogPluginManager: Mounting plugin IOSDeviceProfileSelector
LogPluginManager: Mounting plugin LinuxDeviceProfileSelector
LogPluginManager: Mounting plugin LocationServicesBPLibrary
LogPluginManager: Mounting plugin MobilePatchingUtils
LogPluginManager: Mounting plugin OculusVR
LogPluginManager: Mounting plugin PhysXVehicles
LogPluginManager: Mounting plugin ProceduralMeshComponent
LogPluginManager: Mounting plugin RuntimePhysXCooking
LogPluginManager: Mounting plugin WebMMoviePlayer
LogPluginManager: Mounting plugin WindowsMoviePlayer
LogPluginManager: Mounting plugin NoesisGUI
LogStreaming: Display: Took  0.053s to configure plugins.
LogInit: Warning: Incompatible or missing module: GameUI
Running D:/Program Files/Epic Games/UE_4.21/Engine/Binaries/DotNET/UnrealBuildTool.exe Development Win64 -Project="E:/GitProject/GameUI/GameUI.uproject" -TargetType=Editor -Progress -NoHotReloadFromIDE
Performing full C++ include scan (building a new target)
Using 'git status' to determine working set for adaptive non-unity build (E:\GitProject\GameUI).
Creating makefile for GameUIEditor (no existing makefile)
Using Visual Studio 2017 14.16.27023 toolchain (C:\Program Files (x86)\Microsoft Visual Studio\2017\Community\VC\Tools\MSVC\14.16.27023) and Windows 10.0.17763.0 SDK (C:\Program Files (x86)\Windows Kits\10).
@progress push 5%
Parsing headers for GameUIEditor
  Running UnrealHeaderTool "E:\GitProject\GameUI\GameUI.uproject" "E:\GitProject\GameUI\Intermediate\Build\Win64\GameUIEditor\Development\GameUIEditor.uhtmanifest" -LogCmds="loginit warning, logexit warning, logdatabase error" -Unattended -WarningsAsErrors -installed
Reflection code generated for GameUIEditor in 8.9466485 seconds
@progress pop
Building 19 actions with 8 processes...
  @progress 'Compiling C++ source code...' 0%
  @progress 'Compiling C++ source code...' 5%
  [1/19] PCLaunch.rc
  @progress 'Compiling C++ source code...' 11%
  [2/19] PCLaunch.rc
  @progress 'Compiling C++ source code...' 16%
  [3/19] PCLaunch.rc
  @progress 'Compiling C++ source code...' 21%
  [4/19] PCH.GameUI.cpp
  @progress 'Compiling C++ source code...' 26%
  [5/19] MainWindow.cpp
  @progress 'Compiling C++ source code...' 32%
  [6/19] GameUI.cpp
  @progress 'Compiling C++ source code...' 37%
  [7/19] ElementExtensions.cpp
  @progress 'Compiling C++ source code...' 42%
  [8/19] UE4Editor-GameUI.lib
  
  @progress 'Compiling C++ source code...' 47%
  [9/19] PCH.NoesisRuntime.cpp
  @progress 'Compiling C++ source code...' 53%
  [10/19] Module.NoesisRuntime.gen.cpp
  @progress 'Compiling C++ source code...' 58%
  [11/19] PCH.NoesisEditor.cpp
  @progress 'Compiling C++ source code...' 63%
  [12/19] Module.NoesisRuntime.cpp
  @progress 'Compiling C++ source code...' 68%
  [13/19] UE4Editor-NoesisRuntime.lib
  
  @progress 'Compiling C++ source code...' 74%
  [14/19] UE4Editor-GameUI.dll
  
  @progress 'Compiling C++ source code...' 79%
  [15/19] UE4Editor-NoesisRuntime.dll
  
  @progress 'Compiling C++ source code...' 84%
  [16/19] Module.NoesisEditor.gen.cpp
  @progress 'Compiling C++ source code...' 89%
  [17/19] Module.NoesisEditor.cpp
  @progress 'Compiling C++ source code...' 95%
  [18/19] UE4Editor-NoesisEditor.lib
  
  @progress 'Compiling C++ source code...' 100%
  [19/19] UE4Editor-NoesisEditor.dll
  
Total build time: 66.64 seconds (Parallel executor: 52.54 seconds)
LogInit: Using libcurl 7.55.1-DEV
LogInit:  - built for x86_64-pc-win32
LogInit:  - supports SSL with OpenSSL/1.0.2h
LogInit:  - supports HTTP deflate (compression) using libz 1.2.8
LogInit:  - other features:
LogInit:      CURL_VERSION_SSL
LogInit:      CURL_VERSION_LIBZ
LogInit:      CURL_VERSION_IPV6
LogInit:      CURL_VERSION_ASYNCHDNS
LogInit:      CURL_VERSION_LARGEFILE
LogInit:      CURL_VERSION_IDN
LogInit:  CurlRequestOptions (configurable via config and command line):
LogInit:  - bVerifyPeer = true  - Libcurl will verify peer certificate
LogInit:  - bUseHttpProxy = false  - Libcurl will NOT use HTTP proxy
LogInit:  - bDontReuseConnections = false  - Libcurl will reuse connections
LogInit:  - MaxHostConnections = 16  - Libcurl will limit the number of connections to a host
LogInit:  - LocalHostAddr = Default
LogInit:  - BufferSize = 65536
LogInit: WinSock: version 1.1 (2.2), MaxSocks=32767, MaxUdp=65467
LogInit: Build: ++UE4+Release-4.21-CL-4753647
LogInit: Engine Version: 4.21.2-4753647+++UE4+Release-4.21
LogInit: Compatible Engine Version: 4.21.0-4541578+++UE4+Release-4.21
LogInit: Net CL: 4541578
LogInit: OS: Windows 10 (), CPU: Intel(R) Core(TM) i7-6700 CPU @ 3.40GHz, GPU: NVIDIA GeForce GTX 1060 6GB
LogInit: Compiled (64-bit): Jan 19 2019 02:07:31
LogInit: Compiled with Visual C++: 19.13.26129.00
LogInit: Build Configuration: Development
LogInit: Branch Name: ++UE4+Release-4.21
LogInit: Command Line: 
LogInit: Base Directory: D:/Program Files/Epic Games/UE_4.21/Engine/Binaries/Win64/
LogInit: Installed Engine Build: 1
LogDevObjectVersion: Number of dev versions registered: 22
LogDevObjectVersion:   Dev-Blueprints (B0D832E4-1F89-4F0D-ACCF-7EB736FD4AA2): 10
LogDevObjectVersion:   Dev-Build (E1C64328-A22C-4D53-A36C-8E866417BD8C): 0
LogDevObjectVersion:   Dev-Core (375EC13C-06E4-48FB-B500-84F0262A717E): 2
LogDevObjectVersion:   Dev-Editor (E4B068ED-F494-42E9-A231-DA0B2E46BB41): 26
LogDevObjectVersion:   Dev-Framework (CFFC743F-43B0-4480-9391-14DF171D2073): 34
LogDevObjectVersion:   Dev-Mobile (B02B49B5-BB20-44E9-A304-32B752E40360): 2
LogDevObjectVersion:   Dev-Networking (A4E4105C-59A1-49B5-A7C5-40C4547EDFEE): 0
LogDevObjectVersion:   Dev-Online (39C831C9-5AE6-47DC-9A44-9C173E1C8E7C): 0
LogDevObjectVersion:   Dev-Physics (78F01B33-EBEA-4F98-B9B4-84EACCB95AA2): 0
LogDevObjectVersion:   Dev-Platform (6631380F-2D4D-43E0-8009-CF276956A95A): 0
LogDevObjectVersion:   Dev-Rendering (12F88B9F-8875-4AFC-A67C-D90C383ABD29): 27
LogDevObjectVersion:   Dev-Sequencer (7B5AE74C-D270-4C10-A958-57980B212A5A): 9
LogDevObjectVersion:   Dev-VR (D7296918-1DD6-4BDD-9DE2-64A83CC13884): 2
LogDevObjectVersion:   Dev-LoadTimes (C2A15278-BFE7-4AFE-6C17-90FF531DF755): 1
LogDevObjectVersion:   Private-Geometry (6EACA3D4-40EC-4CC1-B786-8BED09428FC5): 3
LogDevObjectVersion:   Dev-AnimPhys (29E575DD-E0A3-4627-9D10-D276232CDCEA): 17
LogDevObjectVersion:   Dev-Anim (AF43A65D-7FD3-4947-9873-3E8ED9C1BB05): 2
LogDevObjectVersion:   Dev-ReflectionCapture (6B266CEC-1EC7-4B8F-A30B-E4D90942FC07): 1
LogDevObjectVersion:   Dev-Automation (0DF73D61-A23F-47EA-B727-89E90C41499A): 1
LogDevObjectVersion:   FortniteMain (601D1886-AC64-4F84-AA16-D3DE0DEAC7D6): 17
LogDevObjectVersion:   Dev-Enterprise (9DFFBCD6-494F-0158-E221-12823C92A888): 4
LogDevObjectVersion:   Dev-Niagara (F2AED0AC-9AFE-416F-8664-AA7FFA26D6FC): 1
LogStreaming: Display: Took  0.000s to delete old logs.
LogInit: Presizing for max 8388607 objects, including 0 objects not considered by GC, pre-allocating 0 bytes for permanent pool.
LogInit: Object subsystem initialized
LogConfig: Setting CVar [[con.DebugEarlyDefault:1]]
LogConfig: Setting CVar [[r.setres:1280x720]]
[2019.03.14-10.12.18:557][  0]LogConfig: Setting CVar [[r.VSync:0]]
[2019.03.14-10.12.18:557][  0]LogConfig: Setting CVar [[r.RHICmdBypass:0]]
[2019.03.14-10.12.18:557][  0]LogConfig: Applying CVar settings from Section [/Script/Engine.RendererSettings] File [E:/GitProject/GameUI/Saved/Config/Windows/Engine.ini]
[2019.03.14-10.12.18:557][  0]LogConfig: Setting CVar [[r.GPUCrashDebugging:0]]
[2019.03.14-10.12.18:558][  0]LogConfig: Applying CVar settings from Section [/Script/Engine.RendererOverrideSettings] File [E:/GitProject/GameUI/Saved/Config/Windows/Engine.ini]
[2019.03.14-10.12.18:558][  0]LogConfig: Applying CVar settings from Section [/Script/Engine.StreamingSettings] File [E:/GitProject/GameUI/Saved/Config/Windows/Engine.ini]
[2019.03.14-10.12.18:558][  0]LogConfig: Setting CVar [[s.MinBulkDataSizeForAsyncLoading:131072]]
[2019.03.14-10.12.18:558][  0]LogConfig: Setting CVar [[s.AsyncLoadingThreadEnabled:0]]
[2019.03.14-10.12.18:558][  0]LogConfig: Setting CVar [[s.EventDrivenLoaderEnabled:1]]
[2019.03.14-10.12.18:558][  0]LogConfig: Setting CVar [[s.WarnIfTimeLimitExceeded:0]]
[2019.03.14-10.12.18:558][  0]LogConfig: Setting CVar [[s.TimeLimitExceededMultiplier:1.5]]
[2019.03.14-10.12.18:558][  0]LogConfig: Setting CVar [[s.TimeLimitExceededMinTime:0.005]]
[2019.03.14-10.12.18:558][  0]LogConfig: Setting CVar [[s.UseBackgroundLevelStreaming:1]]
[2019.03.14-10.12.18:558][  0]LogConfig: Setting CVar [[s.PriorityAsyncLoadingExtraTime:15.0]]
[2019.03.14-10.12.18:558][  0]LogConfig: Setting CVar [[s.LevelStreamingActorsUpdateTimeLimit:5.0]]
[2019.03.14-10.12.18:558][  0]LogConfig: Setting CVar [[s.PriorityLevelStreamingActorsUpdateExtraTime:5.0]]
[2019.03.14-10.12.18:558][  0]LogConfig: Setting CVar [[s.LevelStreamingComponentsRegistrationGranularity:10]]
[2019.03.14-10.12.18:558][  0]LogConfig: Setting CVar [[s.UnregisterComponentsTimeLimit:1.0]]
[2019.03.14-10.12.18:558][  0]LogConfig: Setting CVar [[s.LevelStreamingComponentsUnregistrationGranularity:5]]
[2019.03.14-10.12.18:558][  0]LogConfig: Applying CVar settings from Section [/Script/Engine.GarbageCollectionSettings] File [E:/GitProject/GameUI/Saved/Config/Windows/Engine.ini]
[2019.03.14-10.12.18:558][  0]LogConfig: Setting CVar [[gc.MaxObjectsNotConsideredByGC:1]]
[2019.03.14-10.12.18:558][  0]LogConfig: Setting CVar [[gc.SizeOfPermanentObjectPool:0]]
[2019.03.14-10.12.18:558][  0]LogConfig: Setting CVar [[gc.FlushStreamingOnGC:0]]
[2019.03.14-10.12.18:558][  0]LogConfig: Setting CVar [[gc.NumRetriesBeforeForcingGC:10]]
[2019.03.14-10.12.18:558][  0]LogConfig: Setting CVar [[gc.AllowParallelGC:1]]
[2019.03.14-10.12.18:558][  0]LogConfig: Setting CVar [[gc.TimeBetweenPurgingPendingKillObjects:61.1]]
[2019.03.14-10.12.18:558][  0]LogConfig: Setting CVar [[gc.MaxObjectsInEditor:8388607]]
[2019.03.14-10.12.18:558][  0]LogConfig: Setting CVar [[gc.IncrementalBeginDestroyEnabled:1]]
[2019.03.14-10.12.18:558][  0]LogConfig: Setting CVar [[gc.CreateGCClusters:1]]
[2019.03.14-10.12.18:558][  0]LogConfig: Setting CVar [[gc.MergeGCClusters:0]]
[2019.03.14-10.12.18:558][  0]LogConfig: Setting CVar [[gc.MinGCClusterSize:5]]
[2019.03.14-10.12.18:558][  0]LogConfig: Setting CVar [[gc.ActorClusteringEnabled:0]]
[2019.03.14-10.12.18:559][  0]LogConfig: Setting CVar [[gc.BlueprintClusteringEnabled:0]]
[2019.03.14-10.12.18:559][  0]LogConfig: Setting CVar [[gc.UseDisregardForGCOnDedicatedServers:0]]
[2019.03.14-10.12.18:559][  0]LogConfig: Applying CVar settings from Section [/Script/Engine.NetworkSettings] File [E:/GitProject/GameUI/Saved/Config/Windows/Engine.ini]
[2019.03.14-10.12.18:559][  0]LogConfig: Applying CVar settings from Section [/Script/UnrealEd.CookerSettings] File [E:/GitProject/GameUI/Saved/Config/Windows/Engine.ini]
[2019.03.14-10.12.18:573][  0]LogConfig: Applying CVar settings from Section [ViewDistanceQuality@3] File [E:/GitProject/GameUI/Saved/Config/Windows/Scalability.ini]
[2019.03.14-10.12.18:573][  0]LogConfig: Setting CVar [[r.SkeletalMeshLODBias:0]]
[2019.03.14-10.12.18:574][  0]LogConfig: Setting CVar [[r.ViewDistanceScale:1.0]]
[2019.03.14-10.12.18:574][  0]LogConfig: Applying CVar settings from Section [AntiAliasingQuality@3] File [E:/GitProject/GameUI/Saved/Config/Windows/Scalability.ini]
[2019.03.14-10.12.18:574][  0]LogConfig: Setting CVar [[r.PostProcessAAQuality:4]]
[2019.03.14-10.12.18:574][  0]LogConfig: Applying CVar settings from Section [ShadowQuality@3] File [E:/GitProject/GameUI/Saved/Config/Windows/Scalability.ini]
[2019.03.14-10.12.18:574][  0]LogConfig: Setting CVar [[r.LightFunctionQuality:1]]
[2019.03.14-10.12.18:574][  0]LogConfig: Setting CVar [[r.ShadowQuality:5]]
[2019.03.14-10.12.18:574][  0]LogConfig: Setting CVar [[r.Shadow.CSM.MaxCascades:10]]
[2019.03.14-10.12.18:574][  0]LogConfig: Setting CVar [[r.Shadow.MaxResolution:2048]]
[2019.03.14-10.12.18:574][  0]LogConfig: Setting CVar [[r.Shadow.MaxCSMResolution:2048]]
[2019.03.14-10.12.18:574][  0]LogConfig: Setting CVar [[r.Shadow.RadiusThreshold:0.01]]
[2019.03.14-10.12.18:574][  0]LogConfig: Setting CVar [[r.Shadow.DistanceScale:1.0]]
[2019.03.14-10.12.18:574][  0]LogConfig: Setting CVar [[r.Shadow.CSM.TransitionScale:1.0]]
[2019.03.14-10.12.18:574][  0]LogConfig: Setting CVar [[r.Shadow.PreShadowResolutionFactor:1.0]]
[2019.03.14-10.12.18:574][  0]LogConfig: Setting CVar [[r.DistanceFieldShadowing:1]]
[2019.03.14-10.12.18:574][  0]LogConfig: Setting CVar [[r.DistanceFieldAO:1]]
[2019.03.14-10.12.18:574][  0]LogConfig: Setting CVar [[r.AOQuality:2]]
[2019.03.14-10.12.18:574][  0]LogConfig: Setting CVar [[r.VolumetricFog:1]]
[2019.03.14-10.12.18:574][  0]LogConfig: Setting CVar [[r.VolumetricFog.GridPixelSize:8]]
[2019.03.14-10.12.18:574][  0]LogConfig: Setting CVar [[r.VolumetricFog.GridSizeZ:128]]
[2019.03.14-10.12.18:574][  0]LogConfig: Setting CVar [[r.VolumetricFog.HistoryMissSupersampleCount:4]]
[2019.03.14-10.12.18:574][  0]LogConfig: Setting CVar [[r.LightMaxDrawDistanceScale:1]]
[2019.03.14-10.12.18:574][  0]LogConfig: Setting CVar [[r.CapsuleShadows:1]]
[2019.03.14-10.12.18:574][  0]LogConfig: Applying CVar settings from Section [PostProcessQuality@3] File [E:/GitProject/GameUI/Saved/Config/Windows/Scalability.ini]
[2019.03.14-10.12.18:574][  0]LogConfig: Setting CVar [[r.MotionBlurQuality:4]]
[2019.03.14-10.12.18:574][  0]LogConfig: Setting CVar [[r.AmbientOcclusionMipLevelFactor:0.4]]
[2019.03.14-10.12.18:574][  0]LogConfig: Setting CVar [[r.AmbientOcclusionMaxQuality:100]]
[2019.03.14-10.12.18:574][  0]LogConfig: Setting CVar [[r.AmbientOcclusionLevels:-1]]
[2019.03.14-10.12.18:574][  0]LogConfig: Setting CVar [[r.AmbientOcclusionRadiusScale:1.0]]
[2019.03.14-10.12.18:574][  0]LogConfig: Setting CVar [[r.DepthOfFieldQuality:2]]
[2019.03.14-10.12.18:574][  0]LogConfig: Setting CVar [[r.RenderTargetPoolMin:400]]
[2019.03.14-10.12.18:575][  0]LogConfig: Setting CVar [[r.LensFlareQuality:2]]
[2019.03.14-10.12.18:575][  0]LogConfig: Setting CVar [[r.SceneColorFringeQuality:1]]
[2019.03.14-10.12.18:575][  0]LogConfig: Setting CVar [[r.EyeAdaptationQuality:2]]
[2019.03.14-10.12.18:575][  0]LogConfig: Setting CVar [[r.BloomQuality:5]]
[2019.03.14-10.12.18:575][  0]LogConfig: Setting CVar [[r.FastBlurThreshold:100]]
[2019.03.14-10.12.18:575][  0]LogConfig: Setting CVar [[r.Upscale.Quality:3]]
[2019.03.14-10.12.18:575][  0]LogConfig: Setting CVar [[r.Tonemapper.GrainQuantization:1]]
[2019.03.14-10.12.18:575][  0]LogConfig: Setting CVar [[r.LightShaftQuality:1]]
[2019.03.14-10.12.18:575][  0]LogConfig: Setting CVar [[r.Filter.SizeScale:1]]
[2019.03.14-10.12.18:575][  0]LogConfig: Setting CVar [[r.Tonemapper.Quality:5]]
[2019.03.14-10.12.18:575][  0]LogConfig: Setting CVar [[r.DOF.Gather.AccumulatorQuality:1        ; higher gathering accumulator quality]]
[2019.03.14-10.12.18:575][  0]LogConfig: Setting CVar [[r.DOF.Gather.PostfilterMethod:1          ; Median3x3 postfilering method]]
[2019.03.14-10.12.18:575][  0]LogConfig: Setting CVar [[r.DOF.Gather.EnableBokehSettings:0       ; no bokeh simulation when gathering]]
[2019.03.14-10.12.18:575][  0]LogConfig: Setting CVar [[r.DOF.Gather.RingCount:4                 ; medium number of samples when gathering]]
[2019.03.14-10.12.18:575][  0]LogConfig: Setting CVar [[r.DOF.Scatter.ForegroundCompositing:1    ; additive foreground scattering]]
[2019.03.14-10.12.18:575][  0]LogConfig: Setting CVar [[r.DOF.Scatter.BackgroundCompositing:2    ; additive background scattering]]
[2019.03.14-10.12.18:575][  0]LogConfig: Setting CVar [[r.DOF.Scatter.EnableBokehSettings:1      ; bokeh simulation when scattering]]
[2019.03.14-10.12.18:575][  0]LogConfig: Setting CVar [[r.DOF.Scatter.MaxSpriteRatio:0.1         ; only a maximum of 10% of scattered bokeh]]
[2019.03.14-10.12.18:575][  0]LogConfig: Setting CVar [[r.DOF.Recombine.Quality:1                ; cheap slight out of focus]]
[2019.03.14-10.12.18:575][  0]LogConfig: Setting CVar [[r.DOF.Recombine.EnableBokehSettings:0    ; no bokeh simulation on slight out of focus]]
[2019.03.14-10.12.18:575][  0]LogConfig: Setting CVar [[r.DOF.TemporalAAQuality:1                ; more stable temporal accumulation]]
[2019.03.14-10.12.18:575][  0]LogConfig: Setting CVar [[r.DOF.Kernel.MaxForegroundRadius:0.025]]
[2019.03.14-10.12.18:575][  0]LogConfig: Setting CVar [[r.DOF.Kernel.MaxBackgroundRadius:0.025]]
[2019.03.14-10.12.18:575][  0]LogConfig: Applying CVar settings from Section [TextureQuality@3] File [E:/GitProject/GameUI/Saved/Config/Windows/Scalability.ini]
[2019.03.14-10.12.18:575][  0]LogConfig: Setting CVar [[r.Streaming.MipBias:0]]
[2019.03.14-10.12.18:575][  0]LogConfig: Setting CVar [[r.Streaming.AmortizeCPUToGPUCopy:0]]
[2019.03.14-10.12.18:575][  0]LogConfig: Setting CVar [[r.Streaming.MaxNumTexturesToStreamPerFrame:0]]
[2019.03.14-10.12.18:575][  0]LogConfig: Setting CVar [[r.Streaming.Boost:1]]
[2019.03.14-10.12.18:575][  0]LogConfig: Setting CVar [[r.MaxAnisotropy:8]]
[2019.03.14-10.12.18:575][  0]LogConfig: Setting CVar [[r.Streaming.LimitPoolSizeToVRAM:0]]
[2019.03.14-10.12.18:575][  0]LogConfig: Setting CVar [[r.Streaming.PoolSize:1000]]
[2019.03.14-10.12.18:576][  0]LogConfig: Setting CVar [[r.Streaming.MaxEffectiveScreenSize:0]]
[2019.03.14-10.12.18:576][  0]LogConfig: Applying CVar settings from Section [EffectsQuality@3] File [E:/GitProject/GameUI/Saved/Config/Windows/Scalability.ini]
[2019.03.14-10.12.18:576][  0]LogConfig: Setting CVar [[r.TranslucencyLightingVolumeDim:64]]
[2019.03.14-10.12.18:576][  0]LogConfig: Setting CVar [[r.RefractionQuality:2]]
[2019.03.14-10.12.18:576][  0]LogConfig: Setting CVar [[r.SSR.Quality:3]]
[2019.03.14-10.12.18:576][  0]LogConfig: Setting CVar [[r.SceneColorFormat:4]]
[2019.03.14-10.12.18:576][  0]LogConfig: Setting CVar [[r.DetailMode:2]]
[2019.03.14-10.12.18:576][  0]LogConfig: Setting CVar [[r.TranslucencyVolumeBlur:1]]
[2019.03.14-10.12.18:576][  0]LogConfig: Setting CVar [[r.MaterialQualityLevel:1 ; High quality]]
[2019.03.14-10.12.18:576][  0]LogConfig: Setting CVar [[r.SSS.Scale:1]]
[2019.03.14-10.12.18:576][  0]LogConfig: Setting CVar [[r.SSS.SampleSet:2]]
[2019.03.14-10.12.18:576][  0]LogConfig: Setting CVar [[r.SSS.Quality:1]]
[2019.03.14-10.12.18:576][  0]LogConfig: Setting CVar [[r.SSS.HalfRes:1]]
[2019.03.14-10.12.18:576][  0]LogConfig: Setting CVar [[r.EmitterSpawnRateScale:1.0]]
[2019.03.14-10.12.18:576][  0]LogConfig: Setting CVar [[r.ParticleLightQuality:2]]
[2019.03.14-10.12.18:576][  0]LogConfig: Applying CVar settings from Section [FoliageQuality@3] File [E:/GitProject/GameUI/Saved/Config/Windows/Scalability.ini]
[2019.03.14-10.12.18:576][  0]LogConfig: Setting CVar [[foliage.DensityScale:1.0]]
[2019.03.14-10.12.18:576][  0]LogConfig: Setting CVar [[grass.DensityScale:1.0]]
[2019.03.14-10.12.18:576][  0]LogInit: Selected Device Profile: [Windows]
[2019.03.14-10.12.18:576][  0]LogInit: Applying CVar settings loaded from the selected device profile: [Windows]
[2019.03.14-10.12.18:589][  0]LogHAL: Display: Platform has ~ 16 GB [17113128960 / 17179869184 / 16], which maps to Larger [LargestMinGB=32, LargerMinGB=12, DefaultMinGB=8, SmallerMinGB=6, SmallestMinGB=0)
[2019.03.14-10.12.18:589][  0]LogConfig: Setting CVar [[r.Vulkan.UseRealUBs:1]]
[2019.03.14-10.12.18:589][  0]LogInit: Going up to parent DeviceProfile []
[2019.03.14-10.12.18:589][  0]LogConfig: Applying CVar settings from Section [ViewDistanceQuality@3] File [E:/GitProject/GameUI/Saved/Config/Windows/Scalability.ini]
[2019.03.14-10.12.18:589][  0]LogConfig: Setting CVar [[r.SkeletalMeshLODBias:0]]
[2019.03.14-10.12.18:589][  0]LogConfig: Setting CVar [[r.ViewDistanceScale:1.0]]
[2019.03.14-10.12.18:589][  0]LogConfig: Applying CVar settings from Section [AntiAliasingQuality@3] File [E:/GitProject/GameUI/Saved/Config/Windows/Scalability.ini]
[2019.03.14-10.12.18:589][  0]LogConfig: Setting CVar [[r.PostProcessAAQuality:4]]
[2019.03.14-10.12.18:589][  0]LogConfig: Applying CVar settings from Section [ShadowQuality@3] File [E:/GitProject/GameUI/Saved/Config/Windows/Scalability.ini]
[2019.03.14-10.12.18:589][  0]LogConfig: Setting CVar [[r.LightFunctionQuality:1]]
[2019.03.14-10.12.18:589][  0]LogConfig: Setting CVar [[r.ShadowQuality:5]]
[2019.03.14-10.12.18:589][  0]LogConfig: Setting CVar [[r.Shadow.CSM.MaxCascades:10]]
[2019.03.14-10.12.18:589][  0]LogConfig: Setting CVar [[r.Shadow.MaxResolution:2048]]
[2019.03.14-10.12.18:589][  0]LogConfig: Setting CVar [[r.Shadow.MaxCSMResolution:2048]]
[2019.03.14-10.12.18:589][  0]LogConfig: Setting CVar [[r.Shadow.RadiusThreshold:0.01]]
[2019.03.14-10.12.18:589][  0]LogConfig: Setting CVar [[r.Shadow.DistanceScale:1.0]]
[2019.03.14-10.12.18:589][  0]LogConfig: Setting CVar [[r.Shadow.CSM.TransitionScale:1.0]]
[2019.03.14-10.12.18:590][  0]LogConfig: Setting CVar [[r.Shadow.PreShadowResolutionFactor:1.0]]
[2019.03.14-10.12.18:590][  0]LogConfig: Setting CVar [[r.DistanceFieldShadowing:1]]
[2019.03.14-10.12.18:590][  0]LogConfig: Setting CVar [[r.DistanceFieldAO:1]]
[2019.03.14-10.12.18:590][  0]LogConfig: Setting CVar [[r.AOQuality:2]]
[2019.03.14-10.12.18:590][  0]LogConfig: Setting CVar [[r.VolumetricFog:1]]
[2019.03.14-10.12.18:590][  0]LogConfig: Setting CVar [[r.VolumetricFog.GridPixelSize:8]]
[2019.03.14-10.12.18:590][  0]LogConfig: Setting CVar [[r.VolumetricFog.GridSizeZ:128]]
[2019.03.14-10.12.18:590][  0]LogConfig: Setting CVar [[r.VolumetricFog.HistoryMissSupersampleCount:4]]
[2019.03.14-10.12.18:590][  0]LogConfig: Setting CVar [[r.LightMaxDrawDistanceScale:1]]
[2019.03.14-10.12.18:590][  0]LogConfig: Setting CVar [[r.CapsuleShadows:1]]
[2019.03.14-10.12.18:590][  0]LogConfig: Applying CVar settings from Section [PostProcessQuality@3] File [E:/GitProject/GameUI/Saved/Config/Windows/Scalability.ini]
[2019.03.14-10.12.18:590][  0]LogConfig: Setting CVar [[r.MotionBlurQuality:4]]
[2019.03.14-10.12.18:590][  0]LogConfig: Setting CVar [[r.AmbientOcclusionMipLevelFactor:0.4]]
[2019.03.14-10.12.18:590][  0]LogConfig: Setting CVar [[r.AmbientOcclusionMaxQuality:100]]
[2019.03.14-10.12.18:590][  0]LogConfig: Setting CVar [[r.AmbientOcclusionLevels:-1]]
[2019.03.14-10.12.18:590][  0]LogConfig: Setting CVar [[r.AmbientOcclusionRadiusScale:1.0]]
[2019.03.14-10.12.18:590][  0]LogConfig: Setting CVar [[r.DepthOfFieldQuality:2]]
[2019.03.14-10.12.18:590][  0]LogConfig: Setting CVar [[r.RenderTargetPoolMin:400]]
[2019.03.14-10.12.18:590][  0]LogConfig: Setting CVar [[r.LensFlareQuality:2]]
[2019.03.14-10.12.18:590][  0]LogConfig: Setting CVar [[r.SceneColorFringeQuality:1]]
[2019.03.14-10.12.18:590][  0]LogConfig: Setting CVar [[r.EyeAdaptationQuality:2]]
[2019.03.14-10.12.18:590][  0]LogConfig: Setting CVar [[r.BloomQuality:5]]
[2019.03.14-10.12.18:590][  0]LogConfig: Setting CVar [[r.FastBlurThreshold:100]]
[2019.03.14-10.12.18:590][  0]LogConfig: Setting CVar [[r.Upscale.Quality:3]]
[2019.03.14-10.12.18:590][  0]LogConfig: Setting CVar [[r.Tonemapper.GrainQuantization:1]]
[2019.03.14-10.12.18:590][  0]LogConfig: Setting CVar [[r.LightShaftQuality:1]]
[2019.03.14-10.12.18:590][  0]LogConfig: Setting CVar [[r.Filter.SizeScale:1]]
[2019.03.14-10.12.18:590][  0]LogConfig: Setting CVar [[r.Tonemapper.Quality:5]]
[2019.03.14-10.12.18:590][  0]LogConfig: Setting CVar [[r.DOF.Gather.AccumulatorQuality:1        ; higher gathering accumulator quality]]
[2019.03.14-10.12.18:590][  0]LogConfig: Setting CVar [[r.DOF.Gather.PostfilterMethod:1          ; Median3x3 postfilering method]]
[2019.03.14-10.12.18:590][  0]LogConfig: Setting CVar [[r.DOF.Gather.EnableBokehSettings:0       ; no bokeh simulation when gathering]]
[2019.03.14-10.12.18:591][  0]LogConfig: Setting CVar [[r.DOF.Gather.RingCount:4                 ; medium number of samples when gathering]]
[2019.03.14-10.12.18:591][  0]LogConfig: Setting CVar [[r.DOF.Scatter.ForegroundCompositing:1    ; additive foreground scattering]]
[2019.03.14-10.12.18:591][  0]LogConfig: Setting CVar [[r.DOF.Scatter.BackgroundCompositing:2    ; additive background scattering]]
[2019.03.14-10.12.18:591][  0]LogConfig: Setting CVar [[r.DOF.Scatter.EnableBokehSettings:1      ; bokeh simulation when scattering]]
[2019.03.14-10.12.18:591][  0]LogConfig: Setting CVar [[r.DOF.Scatter.MaxSpriteRatio:0.1         ; only a maximum of 10% of scattered bokeh]]
[2019.03.14-10.12.18:591][  0]LogConfig: Setting CVar [[r.DOF.Recombine.Quality:1                ; cheap slight out of focus]]
[2019.03.14-10.12.18:591][  0]LogConfig: Setting CVar [[r.DOF.Recombine.EnableBokehSettings:0    ; no bokeh simulation on slight out of focus]]
[2019.03.14-10.12.18:591][  0]LogConfig: Setting CVar [[r.DOF.TemporalAAQuality:1                ; more stable temporal accumulation]]
[2019.03.14-10.12.18:591][  0]LogConfig: Setting CVar [[r.DOF.Kernel.MaxForegroundRadius:0.025]]
[2019.03.14-10.12.18:591][  0]LogConfig: Setting CVar [[r.DOF.Kernel.MaxBackgroundRadius:0.025]]
[2019.03.14-10.12.18:591][  0]LogConfig: Applying CVar settings from Section [TextureQuality@3] File [E:/GitProject/GameUI/Saved/Config/Windows/Scalability.ini]
[2019.03.14-10.12.18:591][  0]LogConfig: Setting CVar [[r.Streaming.MipBias:0]]
[2019.03.14-10.12.18:591][  0]LogConfig: Setting CVar [[r.Streaming.AmortizeCPUToGPUCopy:0]]
[2019.03.14-10.12.18:591][  0]LogConfig: Setting CVar [[r.Streaming.MaxNumTexturesToStreamPerFrame:0]]
[2019.03.14-10.12.18:591][  0]LogConfig: Setting CVar [[r.Streaming.Boost:1]]
[2019.03.14-10.12.18:591][  0]LogConfig: Setting CVar [[r.MaxAnisotropy:8]]
[2019.03.14-10.12.18:591][  0]LogConfig: Setting CVar [[r.Streaming.LimitPoolSizeToVRAM:0]]
[2019.03.14-10.12.18:591][  0]LogConfig: Setting CVar [[r.Streaming.PoolSize:1000]]
[2019.03.14-10.12.18:591][  0]LogConfig: Setting CVar [[r.Streaming.MaxEffectiveScreenSize:0]]
[2019.03.14-10.12.18:591][  0]LogConfig: Applying CVar settings from Section [EffectsQuality@3] File [E:/GitProject/GameUI/Saved/Config/Windows/Scalability.ini]
[2019.03.14-10.12.18:591][  0]LogConfig: Setting CVar [[r.TranslucencyLightingVolumeDim:64]]
[2019.03.14-10.12.18:591][  0]LogConfig: Setting CVar [[r.RefractionQuality:2]]
[2019.03.14-10.12.18:591][  0]LogConfig: Setting CVar [[r.SSR.Quality:3]]
[2019.03.14-10.12.18:591][  0]LogConfig: Setting CVar [[r.SceneColorFormat:4]]
[2019.03.14-10.12.18:591][  0]LogConfig: Setting CVar [[r.DetailMode:2]]
[2019.03.14-10.12.18:591][  0]LogConfig: Setting CVar [[r.TranslucencyVolumeBlur:1]]
[2019.03.14-10.12.18:591][  0]LogConfig: Setting CVar [[r.MaterialQualityLevel:1 ; High quality]]
[2019.03.14-10.12.18:591][  0]LogConfig: Setting CVar [[r.SSS.Scale:1]]
[2019.03.14-10.12.18:591][  0]LogConfig: Setting CVar [[r.SSS.SampleSet:2]]
[2019.03.14-10.12.18:591][  0]LogConfig: Setting CVar [[r.SSS.Quality:1]]
[2019.03.14-10.12.18:592][  0]LogConfig: Setting CVar [[r.SSS.HalfRes:1]]
[2019.03.14-10.12.18:592][  0]LogConfig: Setting CVar [[r.EmitterSpawnRateScale:1.0]]
[2019.03.14-10.12.18:592][  0]LogConfig: Setting CVar [[r.ParticleLightQuality:2]]
[2019.03.14-10.12.18:592][  0]LogConfig: Applying CVar settings from Section [FoliageQuality@3] File [E:/GitProject/GameUI/Saved/Config/Windows/Scalability.ini]
[2019.03.14-10.12.18:592][  0]LogConfig: Setting CVar [[foliage.DensityScale:1.0]]
[2019.03.14-10.12.18:592][  0]LogConfig: Setting CVar [[grass.DensityScale:1.0]]
[2019.03.14-10.12.18:592][  0]LogConfig: Applying CVar settings from Section [Startup] File [../../../Engine/Config/ConsoleVariables.ini]
[2019.03.14-10.12.18:592][  0]LogConfig: Setting CVar [[net.UseAdaptiveNetUpdateFrequency:0]]
[2019.03.14-10.12.18:592][  0]LogConfig: Applying CVar settings from Section [ConsoleVariables] File [E:/GitProject/GameUI/Saved/Config/Windows/Engine.ini]
[2019.03.14-10.12.18:592][  0]LogInit: Computer: CY-20181106SYNK
[2019.03.14-10.12.18:593][  0]LogInit: User: Administrator
[2019.03.14-10.12.18:593][  0]LogInit: CPU Page size=4096, Cores=4
[2019.03.14-10.12.18:593][  0]LogInit: High frequency timer resolution =3.328121 MHz
[2019.03.14-10.12.18:593][  0]LogMemory: Memory total: Physical=15.9GB (16GB approx)
[2019.03.14-10.12.18:593][  0]LogMemory: Platform Memory Stats for Windows
[2019.03.14-10.12.18:593][  0]LogMemory: Process Physical Memory: 112.84 MB used, 112.84 MB peak
[2019.03.14-10.12.18:593][  0]LogMemory: Process Virtual Memory: 90.43 MB used, 90.43 MB peak
[2019.03.14-10.12.18:593][  0]LogMemory: Physical Memory: 3501.97 MB used,  12818.38 MB free, 16320.35 MB total
[2019.03.14-10.12.18:593][  0]LogMemory: Virtual Memory: 4691.38 MB used,  134213040.00 MB free, 134217728.00 MB total
[2019.03.14-10.12.18:611][  0]LogInit: Using OS detected language (en-US).
[2019.03.14-10.12.18:611][  0]LogInit: Using OS detected locale (en-US).
[2019.03.14-10.12.18:612][  0]LogTextLocalizationManager: No specific localization for 'en-US' exists, so the 'en' localization will be used.
[2019.03.14-10.12.18:929][  0]LogStreaming: Display: Took  0.319s to InitEngineTextLocalization.
[2019.03.14-10.12.18:930][  0]LogInit: Setting process to per monitor DPI aware
[2019.03.14-10.12.18:989][  0]LogSlate: New Slate User Created.  User Index 0, Is Virtual User: 0
[2019.03.14-10.12.18:989][  0]LogSlate: Slate User Registered.  User Index 0, Is Virtual User: 0
[2019.03.14-10.12.19:223][  0]LogD3D11RHI: D3D11 adapters:
[2019.03.14-10.12.19:277][  0]LogD3D11RHI:    0. 'NVIDIA GeForce GTX 1060 6GB' (Feature Level 11_0)
[2019.03.14-10.12.19:277][  0]LogD3D11RHI:       6052/0/8160 MB DedicatedVideo/DedicatedSystem/SharedSystem, Outputs:2, VendorId:0x10de
[2019.03.14-10.12.19:278][  0]LogD3D11RHI:    1. 'Microsoft Basic Render Driver' (Feature Level 11_0)
[2019.03.14-10.12.19:278][  0]LogD3D11RHI:       0/0/8160 MB DedicatedVideo/DedicatedSystem/SharedSystem, Outputs:0, VendorId:0x1414
[2019.03.14-10.12.19:278][  0]LogD3D11RHI: Chosen D3D11 Adapter: 0
[2019.03.14-10.12.19:282][  0]LogD3D11RHI: Creating new Direct3DDevice
[2019.03.14-10.12.19:282][  0]LogD3D11RHI:     GPU DeviceId: 0x1c03 (for the marketing name, search the web for "GPU Device Id")
[2019.03.14-10.12.19:282][  0]LogWindows: EnumDisplayDevices:
[2019.03.14-10.12.19:282][  0]LogWindows:    0. 'NVIDIA GeForce GTX 1060 6GB' (P:0 D:1)
[2019.03.14-10.12.19:283][  0]LogWindows:    1. 'NVIDIA GeForce GTX 1060 6GB' (P:1 D:1)
[2019.03.14-10.12.19:283][  0]LogWindows:    2. 'NVIDIA GeForce GTX 1060 6GB' (P:0 D:0)
[2019.03.14-10.12.19:283][  0]LogWindows:    3. 'NVIDIA GeForce GTX 1060 6GB' (P:0 D:0)
[2019.03.14-10.12.19:283][  0]LogWindows: DebugString: FoundDriverCount:4 
[2019.03.14-10.12.19:283][  0]LogD3D11RHI:     Adapter Name: NVIDIA GeForce GTX 1060 6GB
[2019.03.14-10.12.19:283][  0]LogD3D11RHI:   Driver Version: 398.82 (internal:24.21.13.9882, unified:398.82)
[2019.03.14-10.12.19:283][  0]LogD3D11RHI:      Driver Date: 7-30-2018
[2019.03.14-10.12.19:283][  0]LogRHI: Texture pool is 4236 MB (70% of 6052 MB)
[2019.03.14-10.12.19:314][  0]LogD3D11RHI: Async texture creation enabled
[2019.03.14-10.12.19:332][  0]LogD3D11RHI: GPU Timing Frequency: 1000.000000 (Debug: 2 2)
[2019.03.14-10.12.20:120][  0]LogTemp: Display: Loaded TP AllDesktopTargetPlatform
[2019.03.14-10.12.20:131][  0]LogTemp: Display: Loaded TP MacClientTargetPlatform
[2019.03.14-10.12.20:141][  0]LogTemp: Display: Loaded TP MacNoEditorTargetPlatform
[2019.03.14-10.12.20:151][  0]LogTemp: Display: Loaded TP MacServerTargetPlatform
[2019.03.14-10.12.20:162][  0]LogTemp: Display: Loaded TP MacTargetPlatform
[2019.03.14-10.12.20:172][  0]LogTemp: Display: Loaded TP WindowsClientTargetPlatform
[2019.03.14-10.12.20:182][  0]LogTemp: Display: Loaded TP WindowsNoEditorTargetPlatform
[2019.03.14-10.12.20:192][  0]LogTemp: Display: Loaded TP WindowsServerTargetPlatform
[2019.03.14-10.12.20:197][  0]LogTemp: Display: Loaded TP WindowsTargetPlatform
[2019.03.14-10.12.20:256][  0]LogTemp: Display: Loaded TP AndroidTargetPlatform
[2019.03.14-10.12.20:256][  0]LogTemp: Display: Loaded TP AndroidTargetPlatform
[2019.03.14-10.12.20:256][  0]LogTemp: Display: Loaded TP AndroidTargetPlatform
[2019.03.14-10.12.20:256][  0]LogTemp: Display: Loaded TP AndroidTargetPlatform
[2019.03.14-10.12.20:256][  0]LogTemp: Display: Loaded TP AndroidTargetPlatform
[2019.03.14-10.12.20:256][  0]LogTemp: Display: Loaded TP AndroidTargetPlatform
[2019.03.14-10.12.20:256][  0]LogTemp: Display: Loaded TP AndroidTargetPlatform
[2019.03.14-10.12.20:256][  0]LogTemp: Display: Loaded TP AndroidTargetPlatform
[2019.03.14-10.12.20:256][  0]LogTemp: Display: Loaded TP AndroidTargetPlatform
[2019.03.14-10.12.20:256][  0]LogTemp: Display: Loaded TP AndroidTargetPlatform
[2019.03.14-10.12.20:256][  0]LogTemp: Display: Loaded TP AndroidTargetPlatform
[2019.03.14-10.12.20:256][  0]LogTemp: Display: Loaded TP AndroidTargetPlatform
[2019.03.14-10.12.20:256][  0]LogTemp: Display: Loaded TP AndroidTargetPlatform
[2019.03.14-10.12.20:256][  0]LogTemp: Display: Loaded TP AndroidTargetPlatform
[2019.03.14-10.12.20:256][  0]LogTemp: Display: Loaded TP AndroidTargetPlatform
[2019.03.14-10.12.20:256][  0]LogTemp: Display: Loaded TP AndroidTargetPlatform
[2019.03.14-10.12.20:256][  0]LogTemp: Display: Loaded TP AndroidTargetPlatform
[2019.03.14-10.12.20:256][  0]LogTemp: Display: Loaded TP AndroidTargetPlatform
[2019.03.14-10.12.20:257][  0]LogTemp: Display: Loaded TP HTML5TargetPlatform
[2019.03.14-10.12.20:310][  0]LogTemp: Display: Loaded TP IOSTargetPlatform
[2019.03.14-10.12.20:310][  0]LogTemp: Display: Loaded TP IOSTargetPlatform
[2019.03.14-10.12.20:354][  0]LogTemp: Display: Loaded TP TVOSTargetPlatform
[2019.03.14-10.12.20:354][  0]LogTemp: Display: Loaded TP TVOSTargetPlatform
[2019.03.14-10.12.20:368][  0]LogTemp: Display: Loaded TP LinuxClientTargetPlatform
[2019.03.14-10.12.20:377][  0]LogTemp: Display: Loaded TP LinuxNoEditorTargetPlatform
[2019.03.14-10.12.20:387][  0]LogTemp: Display: Loaded TP LinuxServerTargetPlatform
[2019.03.14-10.12.20:397][  0]LogTemp: Display: Loaded TP LinuxTargetPlatform
[2019.03.14-10.12.20:432][  0]LogTemp: Display: Loaded TP LuminTargetPlatform
[2019.03.14-10.12.20:432][  0]LogTemp: Display: Loaded TP LuminTargetPlatform
[2019.03.14-10.12.20:432][  0]LogTargetPlatformManager: Display: Building Assets For Windows
[2019.03.14-10.12.20:474][  0]LogShaderCompilers: Guid format shader working directory is 33 characters bigger than the processId version (E:/GitProject/GameUI/Intermediate/Shaders/WorkingDirectory/11896/).
[2019.03.14-10.12.20:474][  0]LogShaderCompilers: Cleaned the shader compiler working directory 'C:/Users/Administrator/AppData/Local/Temp/UnrealShaderWorkingDir/166F52C444D6767943B6B180B3634540/'.
[2019.03.14-10.12.20:475][  0]LogXGEController: Cleaning working directory: C:/Users/Administrator/AppData/Local/Temp/UnrealXGEWorkingDir/
[2019.03.14-10.12.20:475][  0]LogXGEController: Cannot use XGE Controller as Incredibuild is not installed on this machine.
[2019.03.14-10.12.20:475][  0]LogShaderCompilers: Cannot use XGE Shader Compiler as Incredibuild is not installed on this machine.
[2019.03.14-10.12.20:475][  0]LogShaderCompilers: Display: Using Local Shader Compiler.
[2019.03.14-10.12.20:946][  0]LogDerivedDataCache: Display: Max Cache Size: 512 MB
[2019.03.14-10.12.20:988][  0]LogDerivedDataCache: Loaded boot cache 0.04s 71MB C:/Users/Administrator/AppData/Local/UnrealEngine/4.21/DerivedDataCache/Boot.ddc.
[2019.03.14-10.12.20:988][  0]LogDerivedDataCache: Display: Loaded Boot cache: C:/Users/Administrator/AppData/Local/UnrealEngine/4.21/DerivedDataCache/Boot.ddc
[2019.03.14-10.12.20:988][  0]LogDerivedDataCache: FDerivedDataBackendGraph:  Pak pak cache file E:/GitProject/GameUI/DerivedDataCache/DDC.ddp not found, will not use a pak cache.
[2019.03.14-10.12.20:988][  0]LogDerivedDataCache: Unable to find inner node Pak for hierarchical cache Hierarchy.
[2019.03.14-10.12.20:988][  0]LogDerivedDataCache: FDerivedDataBackendGraph:  CompressedPak pak cache file E:/GitProject/GameUI/DerivedDataCache/Compressed.ddp not found, will not use a pak cache.
[2019.03.14-10.12.20:988][  0]LogDerivedDataCache: Unable to find inner node CompressedPak for hierarchical cache Hierarchy.
[2019.03.14-10.12.21:002][  0]LogDerivedDataCache: Display: Pak cache opened for reading ../../../Engine/DerivedDataCache/Compressed.ddp.
[2019.03.14-10.12.21:002][  0]LogDerivedDataCache: FDerivedDataBackendGraph:  EnterprisePak pak cache file ../../../Enterprise/DerivedDataCache/Compressed.ddp not found, will not use a pak cache.
[2019.03.14-10.12.21:002][  0]LogDerivedDataCache: Unable to find inner node EnterprisePak for hierarchical cache Hierarchy.
[2019.03.14-10.12.21:014][  0]LogDerivedDataCache: Using Local data cache path C:/Users/Administrator/AppData/Local/UnrealEngine/Common/DerivedDataCache: Writable
[2019.03.14-10.12.21:014][  0]LogDerivedDataCache: Shared data cache path not found in *engine.ini, will not use an Shared cache.
[2019.03.14-10.12.21:014][  0]LogDerivedDataCache: Unable to find inner node Shared for hierarchical cache Hierarchy.
[2019.03.14-10.12.21:037][  0]LogMaterial: Verifying Global Shaders for PCD3D_SM5
[2019.03.14-10.12.21:038][  0]LogSlate: Using FreeType 2.6.0
[2019.03.14-10.12.21:039][  0]LogSlate: SlateFontServices - WITH_FREETYPE: 1, WITH_HARFBUZZ: 1
[2019.03.14-10.12.21:124][  0]LogAssetRegistry: FAssetRegistry took 0.0313 seconds to start up
[2019.03.14-10.12.21:405][  0]LogInit: Selected Device Profile: [Windows]
[2019.03.14-10.12.21:536][  0]LogSimplygon: Simplygon DLL not present - disabling.
[2019.03.14-10.12.21:539][  0]LogMeshReduction: Using SimplygonSwarm for distributed automatic mesh merging
[2019.03.14-10.12.21:539][  0]LogMeshReduction: Using ProxyLODMeshReduction for automatic mesh merging
[2019.03.14-10.12.21:539][  0]LogMeshReduction: Using QuadricMeshReduction for automatic static mesh reduction
[2019.03.14-10.12.21:539][  0]LogMeshReduction: No automatic skeletal mesh reduction module available
[2019.03.14-10.12.21:553][  0]LogNetVersion: GameUI 1.0.0, NetCL: 4541578, EngineNetVer: 5, GameNetVer: 0 (Checksum: 1998393322)
[2019.03.14-10.12.22:132][  0]LogPackageLocalizationCache: Processed 11 localized package path(s) for 2 prioritized culture(s) in 0.170814 seconds
[2019.03.14-10.12.22:137][  0]LogUObjectArray: 39812 objects as part of root set at end of initial load.
[2019.03.14-10.12.22:137][  0]LogUObjectAllocator: 6921456 out of 0 bytes used by permanent object pool.
[2019.03.14-10.12.22:137][  0]LogUObjectArray: CloseDisregardForGC: 0/0 objects in disregard for GC pool
[2019.03.14-10.12.22:939][  0]LogTcpMessaging: Initializing TcpMessaging bridge
[2019.03.14-10.12.22:975][  0]LogUdpMessaging: Initializing bridge on interface 0.0.0.0:0 to multicast group 230.0.0.1:6666.
[2019.03.14-10.12.23:612][  0]LogTemp: Warning: StartUp GameUI
[2019.03.14-10.12.23:641][  0]SourceControl: Source control is disabled
[2019.03.14-10.12.23:641][  0]SourceControl: Source control is disabled
[2019.03.14-10.12.23:642][  0]SourceControl: Source control is disabled
[2019.03.14-10.12.23:643][  0]SourceControl: Source control is disabled
[2019.03.14-10.12.23:791][  0]LogAndroidPermission: UAndroidPermissionCallbackProxy::GetInstance
[2019.03.14-10.12.23:872][  0]LogOcInput: OculusInput pre-init called
[2019.03.14-10.12.24:013][  0]LogEngine: Initializing Engine...
[2019.03.14-10.12.24:014][  0]LogStats: UGameplayTagsManager::ConstructGameplayTagTree: ImportINI prefixes -  0.000 s
[2019.03.14-10.12.24:014][  0]LogStats: UGameplayTagsManager::ConstructGameplayTagTree: Construct from data asset -  0.000 s
[2019.03.14-10.12.24:014][  0]LogStats: UGameplayTagsManager::ConstructGameplayTagTree: ImportINI -  0.000 s
[2019.03.14-10.12.24:014][  0]LogStats: UGameplayTagsManager::ConstructGameplayTagTree: GameplayTagTreeChangedEvent.Broadcast -  0.000 s
[2019.03.14-10.12.24:215][  0]LogInit: Initializing FReadOnlyCVARCache
[2019.03.14-10.12.24:225][  0]LogAIModule: Creating AISystem for world Untitled
[2019.03.14-10.12.24:291][  0]LogInit: XAudio2 using '扬声器 (Realtek High Definition Audio)' : 2 channels at 48 kHz using 32 bits per sample (channel mask 0x3)
[2019.03.14-10.12.24:348][  0]LogInit: FAudioDevice initialized.
[2019.03.14-10.12.24:348][  0]LogNetVersion: Set ProjectVersion to 1.0.0.0. Version Checksum will be recalculated on next use.
[2019.03.14-10.12.24:843][  0]LogDerivedDataCache: Saved boot cache 0.49s 71MB C:/Users/Administrator/AppData/Local/UnrealEngine/4.21/DerivedDataCache/Boot.ddc.
[2019.03.14-10.12.24:873][  0]LogInit: Texture streaming: Enabled
[2019.03.14-10.12.24:897][  0]LogEngineSessionManager: EngineSessionManager initialized
[2019.03.14-10.12.24:897][  0]LogEngineSessionManager: EngineSessionManager sent abnormal shutdown report. Type=AbnormalShutdown, SessionId={93B46DE0-4332-2174-5479-DBA92AA196CC}
[2019.03.14-10.12.24:897][  0]LogEngineSessionManager: EngineSessionManager sent abnormal shutdown report. Type=AbnormalShutdown, SessionId={37DC1675-4B01-A917-0E55-55BBDA935622}
[2019.03.14-10.12.24:898][  0]LogEngineSessionManager: EngineSessionManager sent abnormal shutdown report. Type=AbnormalShutdown, SessionId={ED6E46A3-4AB5-C362-C5A1-A582DCD2DFB6}
[2019.03.14-10.12.24:909][  0]LogInit: Transaction tracking system initialized
[2019.03.14-10.12.24:925][  0]BlueprintLog: New page: Editor Load
[2019.03.14-10.12.24:974][  0]LocalizationService: Localization service is disabled
[2019.03.14-10.12.25:340][  0]LogFileCache: Scanning file cache for directory 'E:/GitProject/GameUI/Content/' took 0.01s
[2019.03.14-10.12.25:340][  0]LogCook: Display: Max memory allowance for cook 16384mb min free memory 0mb
[2019.03.14-10.12.25:340][  0]LogCook: Display: Mobile HDR setting 1
[2019.03.14-10.12.25:340][  0]LogGameplayTags: Display: UGameplayTagsManager::DoneAddingNativeTags. DelegateIsBound: 0
[2019.03.14-10.12.25:340][  0]LogStats: UGameplayTagsManager::ConstructGameplayTagTree: ImportINI prefixes -  0.000 s
[2019.03.14-10.12.25:340][  0]LogStats: UGameplayTagsManager::ConstructGameplayTagTree: Construct from data asset -  0.000 s
[2019.03.14-10.12.25:341][  0]LogStats: UGameplayTagsManager::ConstructGameplayTagTree: ImportINI -  0.000 s
[2019.03.14-10.12.25:341][  0]LogStats: UGameplayTagsManager::ConstructGameplayTagTree: GameplayTagTreeChangedEvent.Broadcast -  0.000 s
[2019.03.14-10.12.25:451][  0]SourceControl: Source control is disabled
[2019.03.14-10.12.25:452][  0]Cmd: MAP LOAD FILE="E:/GitProject/GameUI/Content/Map/EntryMap.umap" TEMPLATE=0 SHOWPROGRESS=1 FEATURELEVEL=3
[2019.03.14-10.12.25:452][  0]LightingResults: New page: Lighting Build
[2019.03.14-10.12.25:454][  0]MapCheck: New page: Map Check
[2019.03.14-10.12.25:454][  0]LightingResults: New page: Lighting Build
[2019.03.14-10.12.25:624][  0]LogAIModule: Creating AISystem for world EntryMap
[2019.03.14-10.12.25:629][  0]LogEditorServer: Finished looking for orphan Actors (0.000 secs)
[2019.03.14-10.12.25:651][  0]Cmd: MAP CHECKDEP NOCLEARLOG
[2019.03.14-10.12.25:651][  0]MapCheck: Map check complete: 0 Error(s), 0 Warning(s), took 0.083ms to complete.
[2019.03.14-10.12.25:651][  0]LogFileHelpers: Loading map 'EntryMap' took 0.199
[2019.03.14-10.12.25:742][  0]LogSlate: Updating window title bar state: overlay mode, drag disabled, window buttons hidden, title bar hidden
[2019.03.14-10.12.25:747][  0]LogSlate: Updating window title bar state: overlay mode, drag disabled, window buttons hidden, title bar hidden
[2019.03.14-10.12.25:753][  0]LogSlate: Updating window title bar state: overlay mode, drag disabled, window buttons hidden, title bar hidden
[2019.03.14-10.12.25:760][  0]LogSlate: Updating window title bar state: overlay mode, drag disabled, window buttons hidden, title bar hidden
[2019.03.14-10.12.25:766][  0]LogCollectionManager: Loaded 0 collections in 0.001050 seconds
[2019.03.14-10.12.25:793][  0]LogFileCache: Scanning file cache for directory 'E:/GitProject/GameUI/Saved/Collections/' took 0.01s
[2019.03.14-10.12.25:793][  0]LogFileCache: Scanning file cache for directory 'E:/GitProject/GameUI/Content/Developers/Administrator/Collections/' took 0.01s
[2019.03.14-10.12.25:793][  0]LogFileCache: Scanning file cache for directory 'E:/GitProject/GameUI/Content/Collections/' took 0.00s
[2019.03.14-10.12.25:793][  0]LogCollectionManager: Rebuilt the GUID cache for 0 collections in 0.000000 seconds
[2019.03.14-10.12.25:801][  0]LogContentBrowser: Native class hierarchy populated in 0.0077 seconds. Added 2662 classes and 620 folders.
[2019.03.14-10.12.25:806][  0]LogContentBrowser: Native class hierarchy updated for 'WidgetCarousel' in 0.0005 seconds. Added 0 classes and 0 folders.
[2019.03.14-10.12.25:808][  0]LogPakFile: Registered encryption key '00000000000000000000000000000000': 0 pak files mounted, 0 remain pending
[2019.03.14-10.12.25:808][  0]LogPakFile: Registered encryption key '00000000000000000000000000000000': 0 pak files mounted, 0 remain pending
[2019.03.14-10.12.25:809][  0]LogPakFile: Registered encryption key '00000000000000000000000000000000': 0 pak files mounted, 0 remain pending
[2019.03.14-10.12.25:809][  0]LogPakFile: Registered encryption key '00000000000000000000000000000000': 0 pak files mounted, 0 remain pending
[2019.03.14-10.12.25:810][  0]LogPakFile: Registered encryption key '00000000000000000000000000000000': 0 pak files mounted, 0 remain pending
[2019.03.14-10.12.25:810][  0]LogPakFile: Registered encryption key '00000000000000000000000000000000': 0 pak files mounted, 0 remain pending
[2019.03.14-10.12.25:811][  0]LogPakFile: Registered encryption key '00000000000000000000000000000000': 0 pak files mounted, 0 remain pending
[2019.03.14-10.12.25:811][  0]LogPakFile: Registered encryption key '00000000000000000000000000000000': 0 pak files mounted, 0 remain pending
[2019.03.14-10.12.25:812][  0]LogPakFile: Registered encryption key '00000000000000000000000000000000': 0 pak files mounted, 0 remain pending
[2019.03.14-10.12.25:812][  0]LogPakFile: Registered encryption key '00000000000000000000000000000000': 0 pak files mounted, 0 remain pending
[2019.03.14-10.12.25:813][  0]LogPakFile: Registered encryption key '00000000000000000000000000000000': 0 pak files mounted, 0 remain pending
[2019.03.14-10.12.25:813][  0]LogPakFile: Registered encryption key '00000000000000000000000000000000': 0 pak files mounted, 0 remain pending
[2019.03.14-10.12.25:814][  0]LogPakFile: Registered encryption key '00000000000000000000000000000000': 0 pak files mounted, 0 remain pending
[2019.03.14-10.12.25:814][  0]LogPakFile: Registered encryption key '00000000000000000000000000000000': 0 pak files mounted, 0 remain pending
[2019.03.14-10.12.25:815][  0]LogPakFile: Registered encryption key '00000000000000000000000000000000': 0 pak files mounted, 0 remain pending
[2019.03.14-10.12.25:815][  0]LogPakFile: Registered encryption key '00000000000000000000000000000000': 0 pak files mounted, 0 remain pending
[2019.03.14-10.12.25:816][  0]LogPakFile: Registered encryption key '00000000000000000000000000000000': 0 pak files mounted, 0 remain pending
[2019.03.14-10.12.25:816][  0]LogPakFile: Registered encryption key '00000000000000000000000000000000': 0 pak files mounted, 0 remain pending
[2019.03.14-10.12.25:817][  0]LogPakFile: Registered encryption key '00000000000000000000000000000000': 0 pak files mounted, 0 remain pending
[2019.03.14-10.12.25:817][  0]LogPakFile: Registered encryption key '00000000000000000000000000000000': 0 pak files mounted, 0 remain pending
[2019.03.14-10.12.25:818][  0]LogPakFile: Registered encryption key '00000000000000000000000000000000': 0 pak files mounted, 0 remain pending
[2019.03.14-10.12.25:818][  0]LogPakFile: Registered encryption key '00000000000000000000000000000000': 0 pak files mounted, 0 remain pending
[2019.03.14-10.12.25:819][  0]LogPakFile: Registered encryption key '00000000000000000000000000000000': 0 pak files mounted, 0 remain pending
[2019.03.14-10.12.25:819][  0]LogPakFile: Registered encryption key '00000000000000000000000000000000': 0 pak files mounted, 0 remain pending
[2019.03.14-10.12.25:820][  0]LogPakFile: Registered encryption key '00000000000000000000000000000000': 0 pak files mounted, 0 remain pending
[2019.03.14-10.12.25:820][  0]LogPakFile: Registered encryption key '00000000000000000000000000000000': 0 pak files mounted, 0 remain pending
[2019.03.14-10.12.25:858][  0]LogContentBrowser: Native class hierarchy updated for 'AddContentDialog' in 0.0004 seconds. Added 0 classes and 0 folders.
[2019.03.14-10.12.25:861][  0]LogContentBrowser: Native class hierarchy updated for 'SceneOutliner' in 0.0003 seconds. Added 1 classes and 2 folders.
[2019.03.14-10.12.25:908][  0]LogSlate: Took 0.000432 seconds to synchronously load lazily loaded font '../../../Engine/Content/Slate/Fonts/Roboto-Regular.ttf' (155K)
[2019.03.14-10.12.25:913][  0]LogSlate: Took 0.000476 seconds to synchronously load lazily loaded font '../../../Engine/Content/Slate/Fonts/Roboto-Bold.ttf' (160K)
[2019.03.14-10.12.25:920][  0]LogSlate: Took 0.000252 seconds to synchronously load lazily loaded font '../../../Engine/Content/Editor/Slate/Fonts/FontAwesome.ttf' (139K)
[2019.03.14-10.12.25:921][  0]LogSlate: Took 0.000126 seconds to synchronously load lazily loaded font '../../../Engine/Content/Slate/Fonts/DroidSansMono.ttf' (77K)
[2019.03.14-10.12.25:963][  0]LogSlate: Took 0.001452 seconds to synchronously load lazily loaded font '../../../Engine/Content/Slate/Fonts/DroidSansFallback.ttf' (3848K)
[2019.03.14-10.12.26:042][  0]LogRenderer: Reallocating scene render targets to support 1340x548 Format 10 NumSamples 1 (Frame:1).
[2019.03.14-10.12.26:216][  0]LogContentBrowser: Native class hierarchy updated for 'HierarchicalLODOutliner' in 0.0003 seconds. Added 0 classes and 0 folders.
[2019.03.14-10.12.26:216][  0]LogLoad: (Engine Initialization) Total time: 77.75 seconds
[2019.03.14-10.12.26:217][  0]LogLoad: (Engine Initialization) Total Blueprint compile time: 0.00 seconds
[2019.03.14-10.12.26:229][  0]LogWindowsTextInputMethodSystem: Display: IME system now deactivated.
[2019.03.14-10.12.26:291][  0]LogContentStreaming: Texture pool size now 1000 MB
[2019.03.14-10.12.26:371][  1]LogFileCache: Retrieving MD5 hashes for directory 'E:/GitProject/GameUI/Content/' took 0.14s
[2019.03.14-10.12.26:383][  1]LogAssetRegistry: Asset discovery search completed in 5.2820 seconds
[2019.03.14-10.12.26:385][  1]LogCollectionManager: Rebuilt the object cache for 0 collections in 0.000000 seconds (found 0 objects)
[2019.03.14-10.12.26:385][  1]LogCollectionManager: Fixed up redirectors for 0 collections in 0.000153 seconds (updated 0 objects)
[2019.03.14-10.12.26:530][  8]LogEditorViewport: Clicking on Actor (LMB): BP_Sky_Sphere_C (Sky Sphere)
[2019.03.14-10.12.28:219][201]LogSlate: FSceneViewport::OnFocusLost() reason 0
[2019.03.14-10.12.29:632][369]LogSlate: Window 'Plugins' being destroyed
[2019.03.14-10.12.29:636][369]LogSlate: Window 'Plugins' being destroyed
[2019.03.14-10.12.29:637][369]LogDirectoryWatcher: A directory notification for '../../../Engine/Plugins/' was aborted.
[2019.03.14-10.12.29:637][369]LogDirectoryWatcher: A directory notification for 'E:/GitProject/GameUI/Plugins/' was aborted.
[2019.03.14-10.12.30:438][465]LogSlate: FSceneViewport::OnFocusLost() reason 0
[2019.03.14-10.12.33:595][843]LogTemp: Repeating last play command: Selected Viewport
[2019.03.14-10.12.33:598][843]LogBlueprintUserMessages: Early PlayInEditor Detection: Level '/Game/Map/EntryMap.EntryMap:PersistentLevel' has LevelScriptBlueprint '/Game/Map/EntryMap.EntryMap:PersistentLevel.EntryMap' with GeneratedClass '/Game/Map/EntryMap.EntryMap_C' with ClassGeneratedBy '/Game/Map/EntryMap.EntryMap:PersistentLevel.EntryMap'
[2019.03.14-10.12.33:598][843]LogPlayLevel: PlayLevel: No blueprints needed recompiling
[2019.03.14-10.12.33:599][843]PIE: New page: PIE session: EntryMap (Mar 15, 2019, 2:12:33 AM)
[2019.03.14-10.12.33:610][843]LogPlayLevel: Creating play world package: /Game/Map/UEDPIE_0_EntryMap
[2019.03.14-10.12.33:614][843]LogPlayLevel: PIE: StaticDuplicateObject took: (0.003493s)
[2019.03.14-10.12.33:615][843]LogAIModule: Creating AISystem for world EntryMap
[2019.03.14-10.12.33:615][843]LogPlayLevel: PIE: World Init took: (0.001210s)
[2019.03.14-10.12.33:615][843]LogPlayLevel: PIE: Created PIE world by copying editor world from /Game/Map/EntryMap.EntryMap to /Game/Map/UEDPIE_0_EntryMap.EntryMap (0.004937s)
[2019.03.14-10.12.33:655][843]LogInit: XAudio2 using '扬声器 (Realtek High Definition Audio)' : 2 channels at 48 kHz using 32 bits per sample (channel mask 0x3)
[2019.03.14-10.12.33:670][843]LogInit: FAudioDevice initialized.
[2019.03.14-10.12.33:715][843]LogLoad: Game class is 'GameModeBase'
[2019.03.14-10.12.33:717][843]LogWorld: Bringing World /Game/Map/UEDPIE_0_EntryMap.EntryMap up for play (max tick rate 0) at 2019.03.14-18.12.33
[2019.03.14-10.12.33:717][843]LogWorld: Bringing up level for play took: 0.000549
[2019.03.14-10.12.33:733][843]LogContentBrowser: Native class hierarchy updated for 'MovieSceneCapture' in 0.0005 seconds. Added 20 classes and 0 folders.
[2019.03.14-10.12.33:737][843]PIE: Play in editor start time for /Game/Map/UEDPIE_0_EntryMap -0.289
[2019.03.14-10.12.33:737][843]LogBlueprintUserMessages: Late PlayInEditor Detection: Level '/Game/Map/EntryMap.EntryMap:PersistentLevel' has LevelScriptBlueprint '/Game/Map/EntryMap.EntryMap:PersistentLevel.EntryMap' with GeneratedClass '/Game/Map/EntryMap.EntryMap_C' with ClassGeneratedBy '/Game/Map/EntryMap.EntryMap:PersistentLevel.EntryMap'
[2019.03.14-10.12.36:786][203]LogBlueprintUserMessages: Early EndPlayMap Detection: Level '/Game/Map/EntryMap.EntryMap:PersistentLevel' has LevelScriptBlueprint '/Game/Map/EntryMap.EntryMap:PersistentLevel.EntryMap' with GeneratedClass '/Game/Map/EntryMap.EntryMap_C' with ClassGeneratedBy '/Game/Map/EntryMap.EntryMap:PersistentLevel.EntryMap'
[2019.03.14-10.12.36:787][203]LogSlate: Updating window title bar state: overlay mode, drag disabled, window buttons hidden, title bar hidden
